#
# There is insufficient memory for the Java Runtime Environment to continue.
# Native memory allocation (malloc) failed to allocate 1645376 bytes for Chunk::new
# Possible reasons:
#   The system is out of physical RAM or swap space
#   The process is running with CompressedOops enabled, and the Java Heap may be blocking the growth of the native heap
# Possible solutions:
#   Reduce memory load on the system
#   Increase physical memory or swap space
#   Check if swap backing store is full
#   Decrease Java heap size (-Xmx/-Xms)
#   Decrease number of Java threads
#   Decrease Java thread stack sizes (-Xss)
#   Set larger code cache with -XX:ReservedCodeCacheSize=
#   JVM is running with Unscaled Compressed Oops mode in which the Java heap is
#     placed in the first 4GB address space. The Java Heap base address is the
#     maximum limit for the native heap growth. Please use -XX:HeapBaseMinAddress
#     to set the Java Heap base and to place the Java Heap above 4GB virtual address.
# This output file may be truncated or incomplete.
#
#  Out of Memory Error (allocation.cpp:389), pid=13884, tid=0x00000000000036a8
#
# JRE version: OpenJDK Runtime Environment (8.0_212-b04) (build 1.8.0_212-release-1586-b04)
# Java VM: OpenJDK 64-Bit Server VM (25.212-b04 mixed mode windows-amd64 compressed oops)
# Failed to write core dump. Minidumps are not enabled by default on client versions of Windows
#

---------------  T H R E A D  ---------------

Current thread (0x0000000016e09800):  JavaThread "C2 CompilerThread1" daemon [_thread_in_native, id=13992, stack(0x0000000018f20000,0x0000000019020000)]

Stack: [0x0000000018f20000,0x0000000019020000]
[error occurred during error reporting (printing stack bounds), id 0xc0000005]

Native frames: (J=compiled Java code, j=interpreted, Vv=VM code, C=native code)


Current CompileTask:
C2:   5250 2673       4       groovy.lang.MetaClassImpl$1MOPIter::methodNameAction (325 bytes)


---------------  P R O C E S S  ---------------

Java Threads: ( => current thread )
  0x0000000019525000 JavaThread "Cache worker for execution history cache (C:\Users\Administrator\.gradle\caches\5.6.4\executionHistory)" [_thread_blocked, id=14076, stack(0x0000000020e60000,0x0000000020f60000)]
  0x0000000019523000 JavaThread "Cache worker for cache directory md-rule (C:\Users\Administrator\.gradle\caches\5.6.4\md-rule)" [_thread_blocked, id=14096, stack(0x000000001f6b0000,0x000000001f7b0000)]
  0x0000000019a59800 JavaThread "Cache worker for cache directory md-supplier (C:\Users\Administrator\.gradle\caches\5.6.4\md-supplier)" [_thread_blocked, id=14080, stack(0x000000001f2e0000,0x000000001f3e0000)]
  0x0000000019a5e000 JavaThread "Cache worker for file hash cache (C:\Users\Administrator\AndroidStudioProjects\BangkokChallenge\.gradle\5.6.4\fileHashes)" [_thread_blocked, id=14104, stack(0x000000001e210000,0x000000001e310000)]
  0x0000000019a5b000 JavaThread "Cache worker for journal cache (C:\Users\Administrator\.gradle\caches\journal-1)" [_thread_blocked, id=14092, stack(0x000000001cea0000,0x000000001cfa0000)]
  0x0000000019a5b800 JavaThread "File lock request listener" [_thread_in_native, id=14064, stack(0x000000001cda0000,0x000000001cea0000)]
  0x000000001af19000 JavaThread "Cache worker for file hash cache (C:\Users\Administrator\.gradle\caches\5.6.4\fileHashes)" [_thread_blocked, id=14112, stack(0x000000001cba0000,0x000000001cca0000)]
  0x000000001aea3000 JavaThread "Thread-9" [_thread_blocked, id=14108, stack(0x000000001c8a0000,0x000000001c9a0000)]
  0x000000001aea7000 JavaThread "Stdin handler" [_thread_blocked, id=14072, stack(0x000000001c7a0000,0x000000001c8a0000)]
  0x000000001aea4800 JavaThread "Asynchronous log dispatcher for DefaultDaemonConnection: socket connection from /127.0.0.1:57748 to /127.0.0.1:57749" [_thread_blocked, id=13988, stack(0x000000001c6a0000,0x000000001c7a0000)]
  0x000000001ae93800 JavaThread "Daemon worker" [_thread_in_Java, id=14004, stack(0x000000001c5a0000,0x000000001c6a0000)]
  0x000000001ae8d800 JavaThread "Cancel handler" [_thread_blocked, id=14000, stack(0x000000001c4a0000,0x000000001c5a0000)]
  0x000000001ae5c800 JavaThread "Handler for socket connection from /127.0.0.1:57748 to /127.0.0.1:57749" [_thread_in_native, id=14016, stack(0x000000001c1a0000,0x000000001c2a0000)]
  0x000000001ae55800 JavaThread "Daemon" [_thread_blocked, id=13984, stack(0x000000001c0a0000,0x000000001c1a0000)]
  0x000000001ae47000 JavaThread "Daemon periodic checks" [_thread_blocked, id=14020, stack(0x000000001bfa0000,0x000000001c0a0000)]
  0x000000001adf4000 JavaThread "Incoming local TCP Connector on port 57748" [_thread_in_native, id=14024, stack(0x000000001bdc0000,0x000000001bec0000)]
  0x000000001ad75000 JavaThread "Daemon health stats" [_thread_blocked, id=14036, stack(0x000000001bac0000,0x000000001bbc0000)]
  0x0000000018894800 JavaThread "Service Thread" daemon [_thread_blocked, id=14048, stack(0x0000000019120000,0x0000000019220000)]
  0x0000000016e0a800 JavaThread "C1 CompilerThread2" daemon [_thread_blocked, id=14056, stack(0x0000000019020000,0x0000000019120000)]
=>0x0000000016e09800 JavaThread "C2 CompilerThread1" daemon [_thread_in_native, id=13992, stack(0x0000000018f20000,0x0000000019020000)]
  0x0000000016e05000 JavaThread "C2 CompilerThread0" daemon [_thread_in_native, id=13896, stack(0x0000000018e20000,0x0000000018f20000)]
  0x0000000016e02000 JavaThread "Attach Listener" daemon [_thread_blocked, id=13908, stack(0x0000000018d20000,0x0000000018e20000)]
  0x0000000016df1800 JavaThread "Signal Dispatcher" daemon [_thread_blocked, id=13928, stack(0x0000000018c20000,0x0000000018d20000)]
  0x000000000322d800 JavaThread "Finalizer" daemon [_thread_blocked, id=13916, stack(0x0000000018690000,0x0000000018790000)]
  0x0000000016ddb000 JavaThread "Reference Handler" daemon [_thread_blocked, id=13924, stack(0x0000000018590000,0x0000000018690000)]
  0x00000000014ee000 JavaThread "main" [_thread_blocked, id=13944, stack(0x0000000002cf0000,0x0000000002df0000)]

Other Threads:
  0x0000000016dd7800 VMThread [stack: 0x0000000018490000,0x0000000018590000] [id=13932]
  0x0000000018896800 WatcherThread [stack: 0x0000000019220000,0x0000000019320000] [id=14052]

VM state:not at safepoint (normal execution)

VM Mutex/Monitor currently owned by a thread: None

heap address: 0x00000000a0000000, size: 1536 MB, Compressed Oops mode: 32-bit
Narrow klass base: 0x0000000000000000, Narrow klass shift: 3
Compressed class space size: 1073741824 Address: 0x0000000100000000

Heap:
 PSYoungGen      total 141824K, used 4530K [0x00000000e0000000, 0x00000000e9500000, 0x0000000100000000)
  eden space 131072K, 3% used [0x00000000e0000000,0x00000000e046c968,0x00000000e8000000)
  from space 10752K, 0% used [0x00000000e8a80000,0x00000000e8a80000,0x00000000e9500000)
  to   space 10752K, 0% used [0x00000000e8000000,0x00000000e8000000,0x00000000e8a80000)
 ParOldGen       total 126976K, used 15186K [0x00000000a0000000, 0x00000000a7c00000, 0x00000000e0000000)
  object space 126976K, 11% used [0x00000000a0000000,0x00000000a0ed4b90,0x00000000a7c00000)
 Metaspace       used 34776K, capacity 35504K, committed 35840K, reserved 1081344K
  class space    used 4574K, capacity 4773K, committed 4864K, reserved 1048576K

Card table byte_map: [0x0000000012600000,0x0000000012910000] byte_map_base: 0x0000000012100000

Marking Bits: (ParMarkBitMap*) 0x0000000065319f30
 Begin Bits: [0x0000000013110000, 0x0000000014910000)
 End Bits:   [0x0000000014910000, 0x0000000016110000)

Polling page: 0x00000000014b0000

CodeCache: size=245760Kb used=11545Kb max_used=11562Kb free=234214Kb
 bounds [0x0000000003240000, 0x0000000003da0000, 0x0000000012240000]
 total_blobs=3708 nmethods=2990 adapters=629
 compilation: enabled

Compilation events (10 events):
Event: 5.238 Thread 0x0000000016e0a800 3022   !   3       org.gradle.internal.classloader.CachingClassLoader::loadClass (85 bytes)
Event: 5.238 Thread 0x0000000016e0a800 nmethod 3022 0x0000000003354190 code [0x0000000003354360, 0x0000000003354aa8]
Event: 5.239 Thread 0x0000000016e0a800 3023       3       com.google.common.collect.MapMakerInternalMap::get (23 bytes)
Event: 5.239 Thread 0x0000000016e0a800 nmethod 3023 0x000000000334cd10 code [0x000000000334cec0, 0x000000000334d468]
Event: 5.240 Thread 0x0000000016e0a800 3024       3       sun.reflect.generics.reflectiveObjects.WildcardTypeImpl::getLowerBounds (72 bytes)
Event: 5.240 Thread 0x0000000016e0a800 nmethod 3024 0x0000000003d7b910 code [0x0000000003d7bb00, 0x0000000003d7c578]
Event: 5.240 Thread 0x0000000016e0a800 3025       3       java.util.concurrent.locks.AbstractQueuedSynchronizer::enq (58 bytes)
Event: 5.241 Thread 0x0000000016e0a800 nmethod 3025 0x0000000003340910 code [0x0000000003340aa0, 0x0000000003340fd0]
Event: 5.244 Thread 0x0000000016e0a800 3026       3       org.codehaus.groovy.runtime.metaclass.ReflectionMetaMethod::getName (8 bytes)
Event: 5.244 Thread 0x0000000016e0a800 nmethod 3026 0x000000000336ca50 code [0x000000000336cbc0, 0x000000000336ce30]

GC Heap History (10 events):
Event: 3.087 GC heap before
{Heap before GC invocations=4 (full 0):
 PSYoungGen      total 76288K, used 15750K [0x00000000e0000000, 0x00000000e9500000, 0x0000000100000000)
  eden space 65536K, 7% used [0x00000000e0000000,0x00000000e04e6a90,0x00000000e4000000)
  from space 10752K, 99% used [0x00000000e4000000,0x00000000e4a7aee8,0x00000000e4a80000)
  to   space 10752K, 0% used [0x00000000e8a80000,0x00000000e8a80000,0x00000000e9500000)
 ParOldGen       total 175104K, used 1652K [0x00000000a0000000, 0x00000000aab00000, 0x00000000e0000000)
  object space 175104K, 0% used [0x00000000a0000000,0x00000000a019d098,0x00000000aab00000)
 Metaspace       used 20630K, capacity 21212K, committed 21296K, reserved 1067008K
  class space    used 2984K, capacity 3139K, committed 3200K, reserved 1048576K
Event: 3.094 GC heap after
Heap after GC invocations=4 (full 0):
 PSYoungGen      total 141824K, used 8707K [0x00000000e0000000, 0x00000000e9500000, 0x0000000100000000)
  eden space 131072K, 0% used [0x00000000e0000000,0x00000000e0000000,0x00000000e8000000)
  from space 10752K, 80% used [0x00000000e8a80000,0x00000000e9300f38,0x00000000e9500000)
  to   space 10752K, 0% used [0x00000000e8000000,0x00000000e8000000,0x00000000e8a80000)
 ParOldGen       total 175104K, used 1660K [0x00000000a0000000, 0x00000000aab00000, 0x00000000e0000000)
  object space 175104K, 0% used [0x00000000a0000000,0x00000000a019f098,0x00000000aab00000)
 Metaspace       used 20630K, capacity 21212K, committed 21296K, reserved 1067008K
  class space    used 2984K, capacity 3139K, committed 3200K, reserved 1048576K
}
Event: 3.094 GC heap before
{Heap before GC invocations=5 (full 1):
 PSYoungGen      total 141824K, used 8707K [0x00000000e0000000, 0x00000000e9500000, 0x0000000100000000)
  eden space 131072K, 0% used [0x00000000e0000000,0x00000000e0000000,0x00000000e8000000)
  from space 10752K, 80% used [0x00000000e8a80000,0x00000000e9300f38,0x00000000e9500000)
  to   space 10752K, 0% used [0x00000000e8000000,0x00000000e8000000,0x00000000e8a80000)
 ParOldGen       total 175104K, used 1660K [0x00000000a0000000, 0x00000000aab00000, 0x00000000e0000000)
  object space 175104K, 0% used [0x00000000a0000000,0x00000000a019f098,0x00000000aab00000)
 Metaspace       used 20630K, capacity 21212K, committed 21296K, reserved 1067008K
  class space    used 2984K, capacity 3139K, committed 3200K, reserved 1048576K
Event: 3.125 GC heap after
Heap after GC invocations=5 (full 1):
 PSYoungGen      total 141824K, used 0K [0x00000000e0000000, 0x00000000e9500000, 0x0000000100000000)
  eden space 131072K, 0% used [0x00000000e0000000,0x00000000e0000000,0x00000000e8000000)
  from space 10752K, 0% used [0x00000000e8a80000,0x00000000e8a80000,0x00000000e9500000)
  to   space 10752K, 0% used [0x00000000e8000000,0x00000000e8000000,0x00000000e8a80000)
 ParOldGen       total 90624K, used 8480K [0x00000000a0000000, 0x00000000a5880000, 0x00000000e0000000)
  object space 90624K, 9% used [0x00000000a0000000,0x00000000a08482e0,0x00000000a5880000)
 Metaspace       used 20630K, capacity 21212K, committed 21296K, reserved 1067008K
  class space    used 2984K, capacity 3139K, committed 3200K, reserved 1048576K
}
Event: 4.920 GC heap before
{Heap before GC invocations=6 (full 1):
 PSYoungGen      total 141824K, used 131072K [0x00000000e0000000, 0x00000000e9500000, 0x0000000100000000)
  eden space 131072K, 100% used [0x00000000e0000000,0x00000000e8000000,0x00000000e8000000)
  from space 10752K, 0% used [0x00000000e8a80000,0x00000000e8a80000,0x00000000e9500000)
  to   space 10752K, 0% used [0x00000000e8000000,0x00000000e8000000,0x00000000e8a80000)
 ParOldGen       total 90624K, used 8480K [0x00000000a0000000, 0x00000000a5880000, 0x00000000e0000000)
  object space 90624K, 9% used [0x00000000a0000000,0x00000000a08482e0,0x00000000a5880000)
 Metaspace       used 33200K, capacity 33826K, committed 33920K, reserved 1079296K
  class space    used 4465K, capacity 4663K, committed 4736K, reserved 1048576K
Event: 4.940 GC heap after
Heap after GC invocations=6 (full 1):
 PSYoungGen      total 141824K, used 10745K [0x00000000e0000000, 0x00000000e9500000, 0x0000000100000000)
  eden space 131072K, 0% used [0x00000000e0000000,0x00000000e0000000,0x00000000e8000000)
  from space 10752K, 99% used [0x00000000e8000000,0x00000000e8a7e758,0x00000000e8a80000)
  to   space 10752K, 0% used [0x00000000e8a80000,0x00000000e8a80000,0x00000000e9500000)
 ParOldGen       total 90624K, used 12111K [0x00000000a0000000, 0x00000000a5880000, 0x00000000e0000000)
  object space 90624K, 13% used [0x00000000a0000000,0x00000000a0bd3e90,0x00000000a5880000)
 Metaspace       used 33200K, capacity 33826K, committed 33920K, reserved 1079296K
  class space    used 4465K, capacity 4663K, committed 4736K, reserved 1048576K
}
Event: 5.143 GC heap before
{Heap before GC invocations=7 (full 1):
 PSYoungGen      total 141824K, used 29787K [0x00000000e0000000, 0x00000000e9500000, 0x0000000100000000)
  eden space 131072K, 14% used [0x00000000e0000000,0x00000000e1298740,0x00000000e8000000)
  from space 10752K, 99% used [0x00000000e8000000,0x00000000e8a7e758,0x00000000e8a80000)
  to   space 10752K, 0% used [0x00000000e8a80000,0x00000000e8a80000,0x00000000e9500000)
 ParOldGen       total 90624K, used 12111K [0x00000000a0000000, 0x00000000a5880000, 0x00000000e0000000)
  object space 90624K, 13% used [0x00000000a0000000,0x00000000a0bd3e90,0x00000000a5880000)
 Metaspace       used 34573K, capacity 35404K, committed 35496K, reserved 1079296K
  class space    used 4563K, capacity 4781K, committed 4864K, reserved 1048576K
Event: 5.150 GC heap after
Heap after GC invocations=7 (full 1):
 PSYoungGen      total 141824K, used 7489K [0x00000000e0000000, 0x00000000e9500000, 0x0000000100000000)
  eden space 131072K, 0% used [0x00000000e0000000,0x00000000e0000000,0x00000000e8000000)
  from space 10752K, 69% used [0x00000000e8a80000,0x00000000e91d0478,0x00000000e9500000)
  to   space 10752K, 0% used [0x00000000e8000000,0x00000000e8000000,0x00000000e8a80000)
 ParOldGen       total 90624K, used 12119K [0x00000000a0000000, 0x00000000a5880000, 0x00000000e0000000)
  object space 90624K, 13% used [0x00000000a0000000,0x00000000a0bd5e90,0x00000000a5880000)
 Metaspace       used 34573K, capacity 35404K, committed 35496K, reserved 1079296K
  class space    used 4563K, capacity 4781K, committed 4864K, reserved 1048576K
}
Event: 5.150 GC heap before
{Heap before GC invocations=8 (full 2):
 PSYoungGen      total 141824K, used 7489K [0x00000000e0000000, 0x00000000e9500000, 0x0000000100000000)
  eden space 131072K, 0% used [0x00000000e0000000,0x00000000e0000000,0x00000000e8000000)
  from space 10752K, 69% used [0x00000000e8a80000,0x00000000e91d0478,0x00000000e9500000)
  to   space 10752K, 0% used [0x00000000e8000000,0x00000000e8000000,0x00000000e8a80000)
 ParOldGen       total 90624K, used 12119K [0x00000000a0000000, 0x00000000a5880000, 0x00000000e0000000)
  object space 90624K, 13% used [0x00000000a0000000,0x00000000a0bd5e90,0x00000000a5880000)
 Metaspace       used 34573K, capacity 35404K, committed 35496K, reserved 1079296K
  class space    used 4563K, capacity 4781K, committed 4864K, reserved 1048576K
Event: 5.193 GC heap after
Heap after GC invocations=8 (full 2):
 PSYoungGen      total 141824K, used 0K [0x00000000e0000000, 0x00000000e9500000, 0x0000000100000000)
  eden space 131072K, 0% used [0x00000000e0000000,0x00000000e0000000,0x00000000e8000000)
  from space 10752K, 0% used [0x00000000e8a80000,0x00000000e8a80000,0x00000000e9500000)
  to   space 10752K, 0% used [0x00000000e8000000,0x00000000e8000000,0x00000000e8a80000)
 ParOldGen       total 126976K, used 15186K [0x00000000a0000000, 0x00000000a7c00000, 0x00000000e0000000)
  object space 126976K, 11% used [0x00000000a0000000,0x00000000a0ed4b90,0x00000000a7c00000)
 Metaspace       used 34527K, capacity 35300K, committed 35496K, reserved 1079296K
  class space    used 4551K, capacity 4769K, committed 4864K, reserved 1048576K
}

Deoptimization events (10 events):
Event: 3.580 Thread 0x000000001ae93800 Uncommon trap: reason=unstable_if action=reinterpret pc=0x00000000034f1f7c method=java.io.WinNTFileSystem.resolve(Ljava/lang/String;Ljava/lang/String;)Ljava/lang/String; @ 49
Event: 3.612 Thread 0x000000001ae93800 Uncommon trap: reason=unstable_if action=reinterpret pc=0x0000000003516330 method=java.util.LinkedHashMap.afterNodeInsertion(Z)V @ 1
Event: 3.907 Thread 0x000000001ae93800 Uncommon trap: reason=unstable_if action=reinterpret pc=0x00000000034d0afc method=java.util.HashMap.getNode(ILjava/lang/Object;)Ljava/util/HashMap$Node; @ 129
Event: 4.594 Thread 0x000000001ae93800 Uncommon trap: reason=predicate action=maybe_recompile pc=0x0000000003b67860 method=groovyjarjarantlr.InputBuffer.syncConsume()V @ 7
Event: 4.594 Thread 0x000000001ae93800 Uncommon trap: reason=predicate action=maybe_recompile pc=0x0000000003b66b94 method=groovyjarjarantlr.InputBuffer.syncConsume()V @ 7
Event: 4.594 Thread 0x000000001ae93800 Uncommon trap: reason=predicate action=maybe_recompile pc=0x0000000003b69e74 method=groovyjarjarantlr.InputBuffer.syncConsume()V @ 7
Event: 4.629 Thread 0x000000001ae93800 Uncommon trap: reason=unstable_if action=reinterpret pc=0x000000000387adf8 method=java.io.BufferedInputStream.read([BII)I @ 56
Event: 4.879 Thread 0x000000001ae93800 Uncommon trap: reason=unstable_if action=reinterpret pc=0x0000000003b90700 method=groovyjarjarantlr.CharQueue.append(C)V @ 9
Event: 5.031 Thread 0x000000001ae93800 Uncommon trap: reason=unstable_if action=reinterpret pc=0x0000000003aac848 method=org.objectweb.asm.ByteVector.putShort(I)Lorg/objectweb/asm/ByteVector; @ 13
Event: 5.225 Thread 0x000000001ae93800 Uncommon trap: reason=predicate action=maybe_recompile pc=0x0000000003d82a3c method=java.util.Arrays.binarySearch0([Ljava/lang/Object;IILjava/lang/Object;Ljava/util/Comparator;)I @ 28

Classes redefined (0 events):
No events

Internal exceptions (10 events):
Event: 5.067 Thread 0x000000001ae93800 Exception <a 'java/lang/ClassNotFoundException': org/jetbrains/plugins/gradle/tooling/internal/ExtraModelBuilderBeanInfo> (0x00000000e0bbb248) thrown at [D:\src\AOSP-openjdk-cygwin\jdk8u\hotspot\src\share\vm\classfile\systemDictionary.cpp, line 210]
Event: 5.067 Thread 0x000000001ae93800 Exception <a 'java/lang/ClassNotFoundException': org/jetbrains/plugins/gradle/tooling/internal/ExtraModelBuilderCustomizer> (0x00000000e0bc8448) thrown at [D:\src\AOSP-openjdk-cygwin\jdk8u\hotspot\src\share\vm\classfile\systemDictionary.cpp, line 210]
Event: 5.219 Thread 0x000000001ae93800 Exception <a 'java/lang/ClassNotFoundException': org/gradle/util/GradleVersionBeanInfo> (0x00000000e01bc108) thrown at [D:\src\AOSP-openjdk-cygwin\jdk8u\hotspot\src\share\vm\classfile\systemDictionary.cpp, line 210]
Event: 5.220 Thread 0x000000001ae93800 Exception <a 'java/lang/ClassNotFoundException': org/gradle/util/GradleVersionCustomizer> (0x00000000e01e7428) thrown at [D:\src\AOSP-openjdk-cygwin\jdk8u\hotspot\src\share\vm\classfile\systemDictionary.cpp, line 210]
Event: 5.227 Thread 0x000000001ae93800 Exception <a 'java/lang/ClassNotFoundException': org/jetbrains/plugins/gradle/tooling/builder/WarModelBuilderImplBeanInfo> (0x00000000e0246500) thrown at [D:\src\AOSP-openjdk-cygwin\jdk8u\hotspot\src\share\vm\classfile\systemDictionary.cpp, line 210]
Event: 5.228 Thread 0x000000001ae93800 Exception <a 'java/lang/ClassNotFoundException': org/jetbrains/plugins/gradle/tooling/builder/WarModelBuilderImplCustomizer> (0x00000000e0254648) thrown at [D:\src\AOSP-openjdk-cygwin\jdk8u\hotspot\src\share\vm\classfile\systemDictionary.cpp, line 210]
Event: 5.237 Thread 0x000000001ae93800 Exception <a 'java/lang/ClassNotFoundException': org/jetbrains/plugins/gradle/tooling/builder/EarModelBuilderImplBeanInfo> (0x00000000e02d5010) thrown at [D:\src\AOSP-openjdk-cygwin\jdk8u\hotspot\src\share\vm\classfile\systemDictionary.cpp, line 210]
Event: 5.237 Thread 0x000000001ae93800 Exception <a 'java/lang/ClassNotFoundException': org/jetbrains/plugins/gradle/tooling/AbstractModelBuilderServiceBeanInfo> (0x00000000e02e35b8) thrown at [D:\src\AOSP-openjdk-cygwin\jdk8u\hotspot\src\share\vm\classfile\systemDictionary.cpp, line 210]
Event: 5.237 Thread 0x000000001ae93800 Exception <a 'java/lang/ClassNotFoundException': org/jetbrains/plugins/gradle/tooling/AbstractModelBuilderServiceCustomizer> (0x00000000e02f16f0) thrown at [D:\src\AOSP-openjdk-cygwin\jdk8u\hotspot\src\share\vm\classfile\systemDictionary.cpp, line 210]
Event: 5.239 Thread 0x000000001ae93800 Exception <a 'java/lang/ClassNotFoundException': org/jetbrains/plugins/gradle/tooling/builder/EarModelBuilderImplCustomizer> (0x00000000e0302838) thrown at [D:\src\AOSP-openjdk-cygwin\jdk8u\hotspot\src\share\vm\classfile\systemDictionary.cpp, line 210]

Events (10 events):
Event: 5.243 loading class groovy/runtime/metaclass/org/jetbrains/plugins/gradle/tooling/builder/ScalaModelBuilderImplMetaClass
Event: 5.243 loading class groovy/runtime/metaclass/org/jetbrains/plugins/gradle/tooling/builder/ScalaModelBuilderImplMetaClass done
Event: 5.244 loading class org/gradle/api/tasks/scala/ScalaCompileOptions
Event: 5.244 loading class org/gradle/api/tasks/scala/ScalaCompileOptions done
Event: 5.244 loading class org/gradle/api/tasks/scala/ScalaCompileOptions
Event: 5.244 loading class org/gradle/api/tasks/scala/ScalaCompileOptions done
Event: 5.245 loading class org/gradle/language/scala/tasks/BaseScalaCompileOptions
Event: 5.245 loading class org/gradle/language/scala/tasks/BaseScalaCompileOptions done
Event: 5.249 loading class org/gradle/api/tasks/compile/AbstractOptions
Event: 5.249 loading class org/gradle/api/tasks/compile/AbstractOptions done


Dynamic libraries:
0x00007ff608aa0000 - 0x00007ff608ad1000 	C:\Program Files\Android\Android Studio\jre\bin\java.exe
0x00007ff912460000 - 0x00007ff912650000 	C:\Windows\SYSTEM32\ntdll.dll
0x00007ff910d00000 - 0x00007ff910db2000 	C:\Windows\System32\KERNEL32.DLL
0x00007ff90f500000 - 0x00007ff90f7a3000 	C:\Windows\System32\KERNELBASE.dll
0x00007ff911340000 - 0x00007ff9113e3000 	C:\Windows\System32\ADVAPI32.dll
0x00007ff911530000 - 0x00007ff9115ce000 	C:\Windows\System32\msvcrt.dll
0x00007ff910fd0000 - 0x00007ff911067000 	C:\Windows\System32\sechost.dll
0x00007ff911e90000 - 0x00007ff911fb0000 	C:\Windows\System32\RPCRT4.dll
0x00007ff910e30000 - 0x00007ff910fc4000 	C:\Windows\System32\USER32.dll
0x00007ff9104e0000 - 0x00007ff910501000 	C:\Windows\System32\win32u.dll
0x00007ff910680000 - 0x00007ff9106a6000 	C:\Windows\System32\GDI32.dll
0x00007ff9102f0000 - 0x00007ff910484000 	C:\Windows\System32\gdi32full.dll
0x00007ff90fa00000 - 0x00007ff90fa9e000 	C:\Windows\System32\msvcp_win.dll
0x00007ff90f7b0000 - 0x00007ff90f8aa000 	C:\Windows\System32\ucrtbase.dll
0x00007ff900cf0000 - 0x00007ff900f75000 	C:\Windows\WinSxS\amd64_microsoft.windows.common-controls_6595b64144ccf1df_6.0.18362.778_none_e6c6b761130d4fb8\COMCTL32.dll
0x00007ff910790000 - 0x00007ff910ac6000 	C:\Windows\System32\combase.dll
0x00007ff910220000 - 0x00007ff9102a0000 	C:\Windows\System32\bcryptPrimitives.dll
0x00007ff9115d0000 - 0x00007ff9115fe000 	C:\Windows\System32\IMM32.DLL
0x00000000658d0000 - 0x00000000659a2000 	C:\Program Files\Android\Android Studio\jre\jre\bin\msvcr100.dll
0x0000000064b50000 - 0x0000000065396000 	C:\Program Files\Android\Android Studio\jre\jre\bin\server\jvm.dll
0x00007ff910cf0000 - 0x00007ff910cf8000 	C:\Windows\System32\PSAPI.DLL
0x00007ff90be00000 - 0x00007ff90be09000 	C:\Windows\SYSTEM32\WSOCK32.dll
0x00007ff911070000 - 0x00007ff9110df000 	C:\Windows\System32\WS2_32.dll
0x00007ff90ce40000 - 0x00007ff90ce64000 	C:\Windows\SYSTEM32\WINMM.dll
0x00007ff90a470000 - 0x00007ff90a47a000 	C:\Windows\SYSTEM32\VERSION.dll
0x00007ff90ce10000 - 0x00007ff90ce3d000 	C:\Windows\SYSTEM32\WINMMBASE.dll
0x00007ff9102a0000 - 0x00007ff9102ea000 	C:\Windows\System32\cfgmgr32.dll
0x00007ff908170000 - 0x00007ff90817f000 	C:\Program Files\Android\Android Studio\jre\jre\bin\verify.dll
0x00007ff8f9d50000 - 0x00007ff8f9d79000 	C:\Program Files\Android\Android Studio\jre\jre\bin\java.dll
0x00007ff908100000 - 0x00007ff908116000 	C:\Program Files\Android\Android Studio\jre\jre\bin\zip.dll
0x00007ff911610000 - 0x00007ff911cf5000 	C:\Windows\System32\SHELL32.dll
0x00007ff9110e0000 - 0x00007ff911189000 	C:\Windows\System32\shcore.dll
0x00007ff90faa0000 - 0x00007ff910220000 	C:\Windows\System32\windows.storage.dll
0x00007ff90f350000 - 0x00007ff90f373000 	C:\Windows\System32\profapi.dll
0x00007ff90f380000 - 0x00007ff90f3ca000 	C:\Windows\System32\powrprof.dll
0x00007ff90f320000 - 0x00007ff90f330000 	C:\Windows\System32\UMPDC.dll
0x00007ff9106b0000 - 0x00007ff910702000 	C:\Windows\System32\shlwapi.dll
0x00007ff90f3d0000 - 0x00007ff90f3e1000 	C:\Windows\System32\kernel.appcore.dll
0x00007ff910490000 - 0x00007ff9104a7000 	C:\Windows\System32\cryptsp.dll
0x00007ff8f9f50000 - 0x00007ff8f9f6a000 	C:\Program Files\Android\Android Studio\jre\jre\bin\net.dll
0x00007ff903310000 - 0x00007ff9034e5000 	C:\Windows\SYSTEM32\urlmon.dll
0x00007ff907690000 - 0x00007ff907936000 	C:\Windows\SYSTEM32\iertutil.dll
0x00007ff90ed60000 - 0x00007ff90ed6c000 	C:\Windows\SYSTEM32\CRYPTBASE.DLL
0x00007ff90eb90000 - 0x00007ff90ebf7000 	C:\Windows\system32\mswsock.dll
0x00007ff8f9d30000 - 0x00007ff8f9d43000 	C:\Program Files\Android\Android Studio\jre\jre\bin\nio.dll
0x00007ff8fa180000 - 0x00007ff8fa1a6000 	C:\Users\Administrator\.gradle\native\30\windows-amd64\native-platform.dll
0x00007ff908160000 - 0x00007ff90816d000 	C:\Program Files\Android\Android Studio\jre\jre\bin\management.dll
0x00007ff90e700000 - 0x00007ff90e733000 	C:\Windows\system32\rsaenh.dll
0x00007ff9104b0000 - 0x00007ff9104d6000 	C:\Windows\System32\bcrypt.dll
0x00007ff90f240000 - 0x00007ff90f265000 	C:\Windows\SYSTEM32\USERENV.dll
0x00007ff90e8a0000 - 0x00007ff90e8da000 	C:\Windows\SYSTEM32\IPHLPAPI.DLL
0x00007ff910670000 - 0x00007ff910678000 	C:\Windows\System32\NSI.dll
0x00007ff9091b0000 - 0x00007ff9091c6000 	C:\Windows\SYSTEM32\dhcpcsvc6.DLL
0x00007ff909190000 - 0x00007ff9091ac000 	C:\Windows\SYSTEM32\dhcpcsvc.DLL
0x00007ff90e8e0000 - 0x00007ff90e9aa000 	C:\Windows\SYSTEM32\DNSAPI.dll

VM Arguments:
jvm_args: -Xmx1536m -Dfile.encoding=x-windows-949 -Duser.country=KR -Duser.language=ko -Duser.variant 
java_command: org.gradle.launcher.daemon.bootstrap.GradleDaemon 5.6.4
java_class_path (initial): C:\Users\Administrator\.gradle\wrapper\dists\gradle-5.6.4-all\ankdp27end7byghfw1q2sw75f\gradle-5.6.4\lib\gradle-launcher-5.6.4.jar
Launcher Type: SUN_STANDARD

Environment Variables:
JAVA_HOME=C:\Program Files\Java\jdk-13.0.2
PATH=C:\Windows\system32;C:\Windows;C:\Windows\System32\Wbem;C:\Windows\System32\WindowsPowerShell\v1.0\;C:\Windows\System32\OpenSSH\;C:\Program Files\Java\jdk-13.0.2\bin;C:\Program Files\Git\cmd;C:\Users\Administrator\AppData\Local\Microsoft\WindowsApps;C:\Program Files\JetBrains\IntelliJ IDEA Community Edition 2019.3.3\bin;C:\Users\Administrator\AppData\Local\GitHubDesktop\bin
USERNAME=Administrator
OS=Windows_NT
PROCESSOR_IDENTIFIER=Intel64 Family 6 Model 158 Stepping 10, GenuineIntel



---------------  S Y S T E M  ---------------

OS: Windows 10.0 , 64 bit Build 18362 (10.0.18362.778)

CPU:total 6 (initial active 6) (6 cores per cpu, 1 threads per core) family 6 model 158 stepping 10, cmov, cx8, fxsr, mmx, sse, sse2, sse3, ssse3, sse4.1, sse4.2, popcnt, avx, avx2, aes, clmul, erms, 3dnowpref, lzcnt, tsc, tscinvbit, bmi1, bmi2, adx

Memory: 4k page, physical 16718088k(4066260k free), swap 18815240k(5664k free)

vm_info: OpenJDK 64-Bit Server VM (25.212-b04) for windows-amd64 JRE (1.8.0_212-release-1586-b04), built by "builder" with MS VC++ 10.0 (VS2010)

time: Mon Apr 20 03:38:53 2020
timezone: 대한민국 표준시
elapsed time: 5 seconds (0d 0h 0m 5s)

