#
# There is insufficient memory for the Java Runtime Environment to continue.
# Native memory allocation (malloc) failed to allocate 185936 bytes for Chunk::new
# Possible reasons:
#   The system is out of physical RAM or swap space
#   The process is running with CompressedOops enabled, and the Java Heap may be blocking the growth of the native heap
# Possible solutions:
#   Reduce memory load on the system
#   Increase physical memory or swap space
#   Check if swap backing store is full
#   Decrease Java heap size (-Xmx/-Xms)
#   Decrease number of Java threads
#   Decrease Java thread stack sizes (-Xss)
#   Set larger code cache with -XX:ReservedCodeCacheSize=
#   JVM is running with Unscaled Compressed Oops mode in which the Java heap is
#     placed in the first 4GB address space. The Java Heap base address is the
#     maximum limit for the native heap growth. Please use -XX:HeapBaseMinAddress
#     to set the Java Heap base and to place the Java Heap above 4GB virtual address.
# This output file may be truncated or incomplete.
#
#  Out of Memory Error (allocation.cpp:389), pid=12944, tid=0x0000000000001600
#
# JRE version: OpenJDK Runtime Environment (8.0_212-b04) (build 1.8.0_212-release-1586-b04)
# Java VM: OpenJDK 64-Bit Server VM (25.212-b04 mixed mode windows-amd64 compressed oops)
# Failed to write core dump. Minidumps are not enabled by default on client versions of Windows
#

---------------  T H R E A D  ---------------

Current thread (0x000000001630c800):  JavaThread "C2 CompilerThread0" daemon [_thread_in_native, id=5632, stack(0x00000000182f0000,0x00000000183f0000)]

Stack: [0x00000000182f0000,0x00000000183f0000]
[error occurred during error reporting (printing stack bounds), id 0xc0000005]

Native frames: (J=compiled Java code, j=interpreted, Vv=VM code, C=native code)


Current CompileTask:
C2:   1260 1320   !   4       java.lang.ClassLoader::loadClass (122 bytes)


---------------  P R O C E S S  ---------------

Java Threads: ( => current thread )
  0x000000001a319000 JavaThread "Thread-9" [_thread_blocked, id=5072, stack(0x000000001bd70000,0x000000001be70000)]
  0x000000001a2f6800 JavaThread "Stdin handler" [_thread_blocked, id=12508, stack(0x000000001bc70000,0x000000001bd70000)]
  0x000000001a2f0800 JavaThread "Asynchronous log dispatcher for DefaultDaemonConnection: socket connection from /127.0.0.1:57714 to /127.0.0.1:57715" [_thread_blocked, id=8524, stack(0x000000001bb70000,0x000000001bc70000)]
  0x000000001a2e9800 JavaThread "Daemon worker" [_thread_in_native, id=964, stack(0x000000001ba70000,0x000000001bb70000)]
  0x000000001a2ed800 JavaThread "Cancel handler" [_thread_blocked, id=9572, stack(0x000000001b970000,0x000000001ba70000)]
  0x000000001a2fb000 JavaThread "Handler for socket connection from /127.0.0.1:57714 to /127.0.0.1:57715" [_thread_in_native, id=12336, stack(0x000000001b670000,0x000000001b770000)]
  0x000000001a2fa000 JavaThread "Daemon" [_thread_blocked, id=13144, stack(0x000000001b570000,0x000000001b670000)]
  0x000000001a26f800 JavaThread "Daemon periodic checks" [_thread_blocked, id=12300, stack(0x000000001b470000,0x000000001b570000)]
  0x000000001a24c800 JavaThread "Incoming local TCP Connector on port 57714" [_thread_in_native, id=1456, stack(0x000000001b290000,0x000000001b390000)]
  0x000000001a209800 JavaThread "Daemon health stats" [_thread_blocked, id=12368, stack(0x000000001af90000,0x000000001b090000)]
  0x0000000017d92800 JavaThread "Service Thread" daemon [_thread_blocked, id=4120, stack(0x00000000185f0000,0x00000000186f0000)]
  0x0000000017d88800 JavaThread "C1 CompilerThread2" daemon [_thread_blocked, id=10244, stack(0x00000000184f0000,0x00000000185f0000)]
  0x0000000017d78000 JavaThread "C2 CompilerThread1" daemon [_thread_in_native, id=10748, stack(0x00000000183f0000,0x00000000184f0000)]
=>0x000000001630c800 JavaThread "C2 CompilerThread0" daemon [_thread_in_native, id=5632, stack(0x00000000182f0000,0x00000000183f0000)]
  0x0000000017d3a800 JavaThread "Attach Listener" daemon [_thread_blocked, id=7764, stack(0x00000000181f0000,0x00000000182f0000)]
  0x0000000016301800 JavaThread "Signal Dispatcher" daemon [_thread_blocked, id=12628, stack(0x00000000180f0000,0x00000000181f0000)]
  0x000000000273c800 JavaThread "Finalizer" daemon [_thread_blocked, id=12884, stack(0x0000000017b60000,0x0000000017c60000)]
  0x00000000162db000 JavaThread "Reference Handler" daemon [_thread_blocked, id=12416, stack(0x0000000017a60000,0x0000000017b60000)]
  0x000000000253e000 JavaThread "main" [_thread_blocked, id=4208, stack(0x0000000002540000,0x0000000002640000)]

Other Threads:
  0x00000000162b6800 VMThread [stack: 0x0000000017960000,0x0000000017a60000] [id=4368]
  0x0000000017d93000 WatcherThread [stack: 0x00000000186f0000,0x00000000187f0000] [id=4688]

VM state:not at safepoint (normal execution)

VM Mutex/Monitor currently owned by a thread: None

heap address: 0x00000000a0000000, size: 1536 MB, Compressed Oops mode: 32-bit
Narrow klass base: 0x0000000000000000, Narrow klass shift: 3
Compressed class space size: 1073741824 Address: 0x0000000100000000

Heap:
 PSYoungGen      total 76288K, used 50653K [0x00000000e0000000, 0x00000000e5500000, 0x0000000100000000)
  eden space 65536K, 68% used [0x00000000e0000000,0x00000000e2ba75b0,0x00000000e4000000)
  from space 10752K, 55% used [0x00000000e4000000,0x00000000e45d00f8,0x00000000e4a80000)
  to   space 10752K, 0% used [0x00000000e4a80000,0x00000000e4a80000,0x00000000e5500000)
 ParOldGen       total 175104K, used 16K [0x00000000a0000000, 0x00000000aab00000, 0x00000000e0000000)
  object space 175104K, 0% used [0x00000000a0000000,0x00000000a0004000,0x00000000aab00000)
 Metaspace       used 12622K, capacity 13062K, committed 13184K, reserved 1060864K
  class space    used 1711K, capacity 1839K, committed 1920K, reserved 1048576K

Card table byte_map: [0x0000000011b00000,0x0000000011e10000] byte_map_base: 0x0000000011600000

Marking Bits: (ParMarkBitMap*) 0x0000000065319f30
 Begin Bits: [0x0000000012610000, 0x0000000013e10000)
 End Bits:   [0x0000000013e10000, 0x0000000015610000)

Polling page: 0x0000000000490000

CodeCache: size=245760Kb used=4820Kb max_used=4829Kb free=240939Kb
 bounds [0x0000000002740000, 0x0000000002c00000, 0x0000000011740000]
 total_blobs=1698 nmethods=1323 adapters=289
 compilation: enabled

Compilation events (10 events):
Event: 1.242 Thread 0x000000001630c800 nmethod 1317 0x0000000002bf4a90 code [0x0000000002bf4c00, 0x0000000002bf4e28]
Event: 1.251 Thread 0x0000000017d78000 nmethod 1319% 0x0000000002bf6990 code [0x0000000002bf6b20, 0x0000000002bf78c8]
Event: 1.253 Thread 0x000000001630c800 1320   !   4       java.lang.ClassLoader::loadClass (122 bytes)
Event: 1.253 Thread 0x0000000017d78000 1321       4       java.nio.DirectLongBufferU::put (18 bytes)
Event: 1.254 Thread 0x0000000017d78000 nmethod 1321 0x0000000002bf8c10 code [0x0000000002bf8d40, 0x0000000002bf8dd8]
Event: 1.254 Thread 0x0000000017d78000 1322   !   4       java.util.concurrent.ConcurrentHashMap::transfer (832 bytes)
Event: 1.257 Thread 0x0000000017d88800 1323       3       java.lang.StringBuilder::<init> (18 bytes)
Event: 1.257 Thread 0x0000000017d88800 nmethod 1323 0x0000000002bf83d0 code [0x0000000002bf8560, 0x0000000002bf8a28]
Event: 1.257 Thread 0x0000000017d88800 1324       3       java.io.OutputStream::<init> (5 bytes)
Event: 1.257 Thread 0x0000000017d88800 nmethod 1324 0x0000000002bf4690 code [0x0000000002bf4800, 0x0000000002bf49b0]

GC Heap History (2 events):
Event: 0.714 GC heap before
{Heap before GC invocations=1 (full 0):
 PSYoungGen      total 76288K, used 65536K [0x00000000e0000000, 0x00000000e5500000, 0x0000000100000000)
  eden space 65536K, 100% used [0x00000000e0000000,0x00000000e4000000,0x00000000e4000000)
  from space 10752K, 0% used [0x00000000e4a80000,0x00000000e4a80000,0x00000000e5500000)
  to   space 10752K, 0% used [0x00000000e4000000,0x00000000e4000000,0x00000000e4a80000)
 ParOldGen       total 175104K, used 0K [0x00000000a0000000, 0x00000000aab00000, 0x00000000e0000000)
  object space 175104K, 0% used [0x00000000a0000000,0x00000000a0000000,0x00000000aab00000)
 Metaspace       used 7311K, capacity 7668K, committed 7936K, reserved 1056768K
  class space    used 889K, capacity 984K, committed 1024K, reserved 1048576K
Event: 0.723 GC heap after
Heap after GC invocations=1 (full 0):
 PSYoungGen      total 76288K, used 5952K [0x00000000e0000000, 0x00000000e5500000, 0x0000000100000000)
  eden space 65536K, 0% used [0x00000000e0000000,0x00000000e0000000,0x00000000e4000000)
  from space 10752K, 55% used [0x00000000e4000000,0x00000000e45d00f8,0x00000000e4a80000)
  to   space 10752K, 0% used [0x00000000e4a80000,0x00000000e4a80000,0x00000000e5500000)
 ParOldGen       total 175104K, used 16K [0x00000000a0000000, 0x00000000aab00000, 0x00000000e0000000)
  object space 175104K, 0% used [0x00000000a0000000,0x00000000a0004000,0x00000000aab00000)
 Metaspace       used 7311K, capacity 7668K, committed 7936K, reserved 1056768K
  class space    used 889K, capacity 984K, committed 1024K, reserved 1048576K
}

Deoptimization events (10 events):
Event: 0.661 Thread 0x000000000253e000 Uncommon trap: reason=null_assert action=make_not_entrant pc=0x00000000029c9fc4 method=java.util.zip.ZipEntry.<init>(Ljava/util/zip/ZipEntry;)V @ 70
Event: 0.772 Thread 0x000000000253e000 Uncommon trap: reason=class_check action=maybe_recompile pc=0x0000000002a1edd8 method=java.util.regex.Matcher.match(II)Z @ 86
Event: 0.855 Thread 0x000000000253e000 Uncommon trap: reason=unstable_if action=reinterpret pc=0x00000000029d2088 method=java.util.HashMap.getNode(ILjava/lang/Object;)Ljava/util/HashMap$Node; @ 129
Event: 0.855 Thread 0x000000000253e000 Uncommon trap: reason=bimorphic action=maybe_recompile pc=0x000000000298d184 method=java.util.HashMap.putVal(ILjava/lang/Object;Ljava/lang/Object;ZZ)Ljava/lang/Object; @ 203
Event: 0.925 Thread 0x000000000253e000 Uncommon trap: reason=unstable_if action=reinterpret pc=0x0000000002a10448 method=java.io.WinNTFileSystem.normalize(Ljava/lang/String;)Ljava/lang/String; @ 128
Event: 1.073 Thread 0x000000001a2fb000 Uncommon trap: reason=unstable_if action=reinterpret pc=0x0000000002b2cb30 method=java.util.concurrent.ConcurrentHashMap.putVal(Ljava/lang/Object;Ljava/lang/Object;Z)Ljava/lang/Object; @ 206
Event: 1.139 Thread 0x000000001a2e9800 Uncommon trap: reason=bimorphic action=maybe_recompile pc=0x000000000298d140 method=java.util.HashMap.putVal(ILjava/lang/Object;Ljava/lang/Object;ZZ)Ljava/lang/Object; @ 253
Event: 1.139 Thread 0x000000001a2e9800 Uncommon trap: reason=bimorphic action=maybe_recompile pc=0x000000000298d140 method=java.util.HashMap.putVal(ILjava/lang/Object;Ljava/lang/Object;ZZ)Ljava/lang/Object; @ 253
Event: 1.139 Thread 0x000000001a2e9800 Uncommon trap: reason=bimorphic action=maybe_recompile pc=0x000000000298d140 method=java.util.HashMap.putVal(ILjava/lang/Object;Ljava/lang/Object;ZZ)Ljava/lang/Object; @ 253
Event: 1.139 Thread 0x000000001a2e9800 Uncommon trap: reason=bimorphic action=maybe_recompile pc=0x00000000029931a0 method=java.util.HashMap.putVal(ILjava/lang/Object;Ljava/lang/Object;ZZ)Ljava/lang/Object; @ 253

Classes redefined (0 events):
No events

Internal exceptions (10 events):
Event: 1.075 Thread 0x000000001a2fb000 Exception <a 'java/lang/NoSuchMethodError': <clinit>> (0x00000000e1d1e670) thrown at [D:\src\AOSP-openjdk-cygwin\jdk8u\hotspot\src\share\vm\prims\jni.cpp, line 1614]
Event: 1.076 Thread 0x000000001a2fb000 Exception <a 'java/lang/NoSuchMethodError': <clinit>> (0x00000000e1d33e80) thrown at [D:\src\AOSP-openjdk-cygwin\jdk8u\hotspot\src\share\vm\prims\jni.cpp, line 1614]
Event: 1.078 Thread 0x000000001a2fb000 Exception <a 'java/lang/NoSuchMethodError': <clinit>> (0x00000000e1d47010) thrown at [D:\src\AOSP-openjdk-cygwin\jdk8u\hotspot\src\share\vm\prims\jni.cpp, line 1614]
Event: 1.080 Thread 0x000000001a2fb000 Exception <a 'java/lang/NoSuchMethodError': <clinit>> (0x00000000e1d6e4b0) thrown at [D:\src\AOSP-openjdk-cygwin\jdk8u\hotspot\src\share\vm\prims\jni.cpp, line 1614]
Event: 1.082 Thread 0x000000001a2fb000 Exception <a 'java/lang/NoSuchMethodError': <clinit>> (0x00000000e1d86530) thrown at [D:\src\AOSP-openjdk-cygwin\jdk8u\hotspot\src\share\vm\prims\jni.cpp, line 1614]
Event: 1.082 Thread 0x000000001a2fb000 Exception <a 'java/lang/NoSuchMethodError': <clinit>> (0x00000000e1d8f1c0) thrown at [D:\src\AOSP-openjdk-cygwin\jdk8u\hotspot\src\share\vm\prims\jni.cpp, line 1614]
Event: 1.083 Thread 0x000000001a2fb000 Exception <a 'java/lang/NoSuchMethodError': <clinit>> (0x00000000e1da5898) thrown at [D:\src\AOSP-openjdk-cygwin\jdk8u\hotspot\src\share\vm\prims\jni.cpp, line 1614]
Event: 1.090 Thread 0x000000001a2fb000 Exception <a 'java/lang/NoSuchMethodError': <clinit>> (0x00000000e1e0e780) thrown at [D:\src\AOSP-openjdk-cygwin\jdk8u\hotspot\src\share\vm\prims\jni.cpp, line 1614]
Event: 1.095 Thread 0x000000001a2fb000 Exception <a 'java/lang/NoSuchMethodError': <clinit>> (0x00000000e1e3b378) thrown at [D:\src\AOSP-openjdk-cygwin\jdk8u\hotspot\src\share\vm\prims\jni.cpp, line 1614]
Event: 1.098 Thread 0x000000001a2fb000 Exception <a 'java/lang/NoSuchMethodError': <clinit>> (0x00000000e1e58cd8) thrown at [D:\src\AOSP-openjdk-cygwin\jdk8u\hotspot\src\share\vm\prims\jni.cpp, line 1614]

Events (10 events):
Event: 1.258 loading class org/gradle/tooling/internal/provider/runner/ProgressEventConsumer
Event: 1.258 loading class org/gradle/tooling/internal/provider/runner/ProgressEventConsumer done
Event: 1.258 loading class org/gradle/tooling/internal/provider/runner/ClientForwardingTestOperationListener
Event: 1.258 loading class org/gradle/tooling/internal/provider/runner/ClientForwardingTestOperationListener done
Event: 1.259 loading class org/gradle/tooling/internal/protocol/events/InternalOperationFinishedProgressEvent
Event: 1.259 loading class org/gradle/tooling/internal/protocol/events/InternalOperationFinishedProgressEvent done
Event: 1.259 loading class org/gradle/tooling/internal/protocol/events/InternalProgressEvent
Event: 1.259 loading class org/gradle/tooling/internal/protocol/events/InternalProgressEvent done
Event: 1.259 loading class org/gradle/api/Task
Event: 1.259 loading class org/gradle/api/Task done


Dynamic libraries:
0x00007ff608aa0000 - 0x00007ff608ad1000 	C:\Program Files\Android\Android Studio\jre\bin\java.exe
0x00007ff912460000 - 0x00007ff912650000 	C:\Windows\SYSTEM32\ntdll.dll
0x00007ff910d00000 - 0x00007ff910db2000 	C:\Windows\System32\KERNEL32.DLL
0x00007ff90f500000 - 0x00007ff90f7a3000 	C:\Windows\System32\KERNELBASE.dll
0x00007ff911340000 - 0x00007ff9113e3000 	C:\Windows\System32\ADVAPI32.dll
0x00007ff911530000 - 0x00007ff9115ce000 	C:\Windows\System32\msvcrt.dll
0x00007ff910fd0000 - 0x00007ff911067000 	C:\Windows\System32\sechost.dll
0x00007ff911e90000 - 0x00007ff911fb0000 	C:\Windows\System32\RPCRT4.dll
0x00007ff910e30000 - 0x00007ff910fc4000 	C:\Windows\System32\USER32.dll
0x00007ff9104e0000 - 0x00007ff910501000 	C:\Windows\System32\win32u.dll
0x00007ff910680000 - 0x00007ff9106a6000 	C:\Windows\System32\GDI32.dll
0x00007ff9102f0000 - 0x00007ff910484000 	C:\Windows\System32\gdi32full.dll
0x00007ff90fa00000 - 0x00007ff90fa9e000 	C:\Windows\System32\msvcp_win.dll
0x00007ff90f7b0000 - 0x00007ff90f8aa000 	C:\Windows\System32\ucrtbase.dll
0x00007ff900cf0000 - 0x00007ff900f75000 	C:\Windows\WinSxS\amd64_microsoft.windows.common-controls_6595b64144ccf1df_6.0.18362.778_none_e6c6b761130d4fb8\COMCTL32.dll
0x00007ff910790000 - 0x00007ff910ac6000 	C:\Windows\System32\combase.dll
0x00007ff910220000 - 0x00007ff9102a0000 	C:\Windows\System32\bcryptPrimitives.dll
0x00007ff9115d0000 - 0x00007ff9115fe000 	C:\Windows\System32\IMM32.DLL
0x00000000658d0000 - 0x00000000659a2000 	C:\Program Files\Android\Android Studio\jre\jre\bin\msvcr100.dll
0x0000000064b50000 - 0x0000000065396000 	C:\Program Files\Android\Android Studio\jre\jre\bin\server\jvm.dll
0x00007ff910cf0000 - 0x00007ff910cf8000 	C:\Windows\System32\PSAPI.DLL
0x00007ff908170000 - 0x00007ff908179000 	C:\Windows\SYSTEM32\WSOCK32.dll
0x00007ff90ce40000 - 0x00007ff90ce64000 	C:\Windows\SYSTEM32\WINMM.dll
0x00007ff911070000 - 0x00007ff9110df000 	C:\Windows\System32\WS2_32.dll
0x00007ff90a470000 - 0x00007ff90a47a000 	C:\Windows\SYSTEM32\VERSION.dll
0x00007ff90ce10000 - 0x00007ff90ce3d000 	C:\Windows\SYSTEM32\WINMMBASE.dll
0x00007ff9102a0000 - 0x00007ff9102ea000 	C:\Windows\System32\cfgmgr32.dll
0x00007ff908160000 - 0x00007ff90816f000 	C:\Program Files\Android\Android Studio\jre\jre\bin\verify.dll
0x00007ff8f5e60000 - 0x00007ff8f5e89000 	C:\Program Files\Android\Android Studio\jre\jre\bin\java.dll
0x00007ff8f9f50000 - 0x00007ff8f9f66000 	C:\Program Files\Android\Android Studio\jre\jre\bin\zip.dll
0x00007ff911610000 - 0x00007ff911cf5000 	C:\Windows\System32\SHELL32.dll
0x00007ff9110e0000 - 0x00007ff911189000 	C:\Windows\System32\shcore.dll
0x00007ff90faa0000 - 0x00007ff910220000 	C:\Windows\System32\windows.storage.dll
0x00007ff90f350000 - 0x00007ff90f373000 	C:\Windows\System32\profapi.dll
0x00007ff90f380000 - 0x00007ff90f3ca000 	C:\Windows\System32\powrprof.dll
0x00007ff90f320000 - 0x00007ff90f330000 	C:\Windows\System32\UMPDC.dll
0x00007ff9106b0000 - 0x00007ff910702000 	C:\Windows\System32\shlwapi.dll
0x00007ff90f3d0000 - 0x00007ff90f3e1000 	C:\Windows\System32\kernel.appcore.dll
0x00007ff910490000 - 0x00007ff9104a7000 	C:\Windows\System32\cryptsp.dll
0x00007ff8f5d40000 - 0x00007ff8f5d5a000 	C:\Program Files\Android\Android Studio\jre\jre\bin\net.dll
0x00007ff903310000 - 0x00007ff9034e5000 	C:\Windows\SYSTEM32\urlmon.dll
0x00007ff907690000 - 0x00007ff907936000 	C:\Windows\SYSTEM32\iertutil.dll
0x00007ff90ed60000 - 0x00007ff90ed6c000 	C:\Windows\SYSTEM32\CRYPTBASE.DLL
0x00007ff90eb90000 - 0x00007ff90ebf7000 	C:\Windows\system32\mswsock.dll
0x00007ff8f5d20000 - 0x00007ff8f5d33000 	C:\Program Files\Android\Android Studio\jre\jre\bin\nio.dll
0x00007ff8ece30000 - 0x00007ff8ece56000 	C:\Users\Administrator\.gradle\native\30\windows-amd64\native-platform.dll
0x00007ff908100000 - 0x00007ff90810d000 	C:\Program Files\Android\Android Studio\jre\jre\bin\management.dll
0x00007ff90e700000 - 0x00007ff90e733000 	C:\Windows\system32\rsaenh.dll
0x00007ff9104b0000 - 0x00007ff9104d6000 	C:\Windows\System32\bcrypt.dll
0x00007ff90f240000 - 0x00007ff90f265000 	C:\Windows\SYSTEM32\USERENV.dll
0x00007ff90e8a0000 - 0x00007ff90e8da000 	C:\Windows\SYSTEM32\IPHLPAPI.DLL
0x00007ff910670000 - 0x00007ff910678000 	C:\Windows\System32\NSI.dll
0x00007ff9091b0000 - 0x00007ff9091c6000 	C:\Windows\SYSTEM32\dhcpcsvc6.DLL
0x00007ff909190000 - 0x00007ff9091ac000 	C:\Windows\SYSTEM32\dhcpcsvc.DLL
0x00007ff90e8e0000 - 0x00007ff90e9aa000 	C:\Windows\SYSTEM32\DNSAPI.dll

VM Arguments:
jvm_args: -Xmx1536m -Dfile.encoding=x-windows-949 -Duser.country=KR -Duser.language=ko -Duser.variant 
java_command: org.gradle.launcher.daemon.bootstrap.GradleDaemon 5.6.4
java_class_path (initial): C:\Users\Administrator\.gradle\wrapper\dists\gradle-5.6.4-all\ankdp27end7byghfw1q2sw75f\gradle-5.6.4\lib\gradle-launcher-5.6.4.jar
Launcher Type: SUN_STANDARD

Environment Variables:
JAVA_HOME=C:\Program Files\Java\jdk-13.0.2
PATH=C:\Windows\system32;C:\Windows;C:\Windows\System32\Wbem;C:\Windows\System32\WindowsPowerShell\v1.0\;C:\Windows\System32\OpenSSH\;C:\Program Files\Java\jdk-13.0.2\bin;C:\Program Files\Git\cmd;C:\Users\Administrator\AppData\Local\Microsoft\WindowsApps;C:\Program Files\JetBrains\IntelliJ IDEA Community Edition 2019.3.3\bin;C:\Users\Administrator\AppData\Local\GitHubDesktop\bin
USERNAME=Administrator
OS=Windows_NT
PROCESSOR_IDENTIFIER=Intel64 Family 6 Model 158 Stepping 10, GenuineIntel



---------------  S Y S T E M  ---------------

OS: Windows 10.0 , 64 bit Build 18362 (10.0.18362.778)

CPU:total 6 (initial active 6) (6 cores per cpu, 1 threads per core) family 6 model 158 stepping 10, cmov, cx8, fxsr, mmx, sse, sse2, sse3, ssse3, sse4.1, sse4.2, popcnt, avx, avx2, aes, clmul, erms, 3dnowpref, lzcnt, tsc, tscinvbit, bmi1, bmi2, adx

Memory: 4k page, physical 16718088k(4038364k free), swap 18815240k(3084k free)

vm_info: OpenJDK 64-Bit Server VM (25.212-b04) for windows-amd64 JRE (1.8.0_212-release-1586-b04), built by "builder" with MS VC++ 10.0 (VS2010)

time: Mon Apr 20 03:38:20 2020
timezone: 대한민국 표준시
elapsed time: 1 seconds (0d 0h 0m 1s)

